<?xml version="1.0" encoding="UTF-8"?>
<!-- Generated by org.testng.reporters.JUnitXMLReporter -->
<testsuite ignored="5" hostname="Robust" failures="0" tests="12" name="APITests" time="11.338" errors="0" timestamp="2025-08-10T23:43:34 IST">
  <testcase classname="com.yourorg.tests.AuthTest" name="getAccessToken_ShouldReturnValidToken" time="3.149"/>
  <testcase classname="com.yourorg.tests.AddCustomerTest" name="addCustomer_ShouldReturn201_WhenValidData" time="0.729"/>
  <testcase classname="com.yourorg.tests.AddCustomerTest" name="addCustomer_ShouldReturnError_WhenMissingRequiredFields" time="0.664"/>
  <testcase classname="com.yourorg.tests.ViewCustomerListTest" name="viewCustomerList_ShouldReturnError_WhenUnauthorized" time="0.729"/>
  <testcase classname="com.yourorg.tests.ViewCustomerListTest" name="viewCustomerList_ShouldReturnNonEmptyList" time="0.815"/>
  <testcase classname="com.yourorg.tests.ViewCustomerByIdTest" name="viewCustomerById_ShouldReturnCustomer_WhenValidId" time="0.672"/>
  <testcase classname="com.yourorg.tests.ViewCustomerByIdTest" name="viewCustomerById_ShouldReturnError_WhenInvalidId" time="0.696"/>
  <testcase classname="com.yourorg.tests.ViewCustomerByMobileTest" name="viewCustomerByMobile_ShouldReturnCustomer_WhenValidMobile" time="0.732"/>
  <testcase classname="com.yourorg.tests.ViewCustomerByMobileTest" name="viewCustomerByMobile_ShouldReturnError_WhenInvalidMobile" time="0.685"/>
  <testcase classname="com.yourorg.tests.DeleteCustomerTest" name="deleteCustomerById_ShouldReturn200_WhenValidId" time="0.638"/>
  <testcase classname="com.yourorg.tests.DeleteCustomerTest" name="deleteCustomerById_ShouldReturnError_WhenInvalidId" time="0.657"/>
  <testcase classname="com.yourorg.tests.NegativeAuthTest" name="getAccessToken_ShouldFail_WhenInvalidCredentials" time="1.032"/>
  <testcase classname="com.yourorg.base.TestBase" name="@BeforeSuite setup" time="0.0">
    <ignored/>
  </testcase> <!-- @BeforeSuite setup -->
  <testcase classname="com.yourorg.base.TestBase" name="@BeforeSuite setup" time="0.0">
    <ignored/>
  </testcase> <!-- @BeforeSuite setup -->
  <testcase classname="com.yourorg.base.TestBase" name="@BeforeSuite setup" time="0.0">
    <ignored/>
  </testcase> <!-- @BeforeSuite setup -->
  <testcase classname="com.yourorg.base.TestBase" name="@BeforeSuite setup" time="0.0">
    <ignored/>
  </testcase> <!-- @BeforeSuite setup -->
  <testcase classname="com.yourorg.base.TestBase" name="@BeforeSuite setup" time="0.0">
    <ignored/>
  </testcase> <!-- @BeforeSuite setup -->
</testsuite> <!-- APITests -->
