<?xml version="1.0" encoding="UTF-8"?>
<!-- Generated by org.testng.reporters.JUnitXMLReporter -->
<testsuite ignored="1" hostname="Robust" failures="0" tests="1" name="Default test" time="2.672" errors="0" timestamp="2025-08-10T23:36:22 IST">
  <testcase classname="com.yourorg.tests.ViewCustomerListTest" name="viewCustomerList_ShouldReturnError_WhenUnauthorized" time="2.634"/>
  <testcase classname="com.yourorg.tests.ViewCustomerListTest" name="viewCustomerList_ShouldReturnNonEmptyList" time="0.0">
    <ignored/>
  </testcase> <!-- viewCustomerList_ShouldReturnNonEmptyList -->
</testsuite> <!-- Default test -->
